<?xml version="1.0" encoding="UTF-8"?>
<!-- Generated by org.testng.reporters.JUnitReportReporter -->
<testsuite hostname="DESKTOP-30H98LO" failures="0" tests="1" name="com.Entrata.Sample" time="115.210" errors="0" timestamp="2024-03-03T20:48:27 IST" skipped="0">
  <testcase classname="com.Entrata.Sample" name="endToEndTest" time="115.210"/>
</testsuite> <!-- com.Entrata.Sample -->
